2017-Apr-14 19:16:13.028 INFO	core	Dwarf Therapist "43.5.2" starting normally. [src\dwarftherapist.cpp:174] (DwarfTherapist::setup_logging)
2017-Apr-14 19:16:13.067 INFO	core	Runtime QT Version 5.8.0 [src\dwarftherapist.cpp:175] (DwarfTherapist::setup_logging)
2017-Apr-14 19:16:21.362 INFO	core	beginning to read settings [src\dwarftherapist.cpp:201] (DwarfTherapist::read_settings)
2017-Apr-14 19:16:21.439 INFO	core	finished reading settings [src\dwarftherapist.cpp:252] (DwarfTherapist::read_settings)
2017-Apr-14 19:16:21.724 INFO	core	attempting connection to running DF game [src\mainwindow.cpp:404] (MainWindow::connect_to_df)
2017-Apr-14 19:16:21.755 INFO	core	adding valid layout "v0.43.05 winx64" checksum: "0x577b5e93" SHA: "2335b43e12d027089ee653832809dbee31e86ef4" [src\dfinstance.cpp:109] (DFInstance::DFInstance)
2017-Apr-14 19:16:21.777 INFO	core	adding valid layout "v0.43.05 win32" checksum: "0x577b57ff" SHA: "648404461726548e5d0fabb8683c8632d2f10fae" [src\dfinstance.cpp:109] (DFInstance::DFInstance)
2017-Apr-14 19:16:21.785 INFO	core	adding valid layout "v0.43.03 (graphics)" checksum: "0x57420c94" SHA: "dc6fc7bcdf1ed06fe9af7bf155b1dc13c94032ac" [src\dfinstance.cpp:109] (DFInstance::DFInstance)
2017-Apr-14 19:16:21.795 INFO	core	adding valid layout "v0.43.02 (graphics)" checksum: "0x5733848a" SHA: "be78cac51ecfc1a8ee0bba2321cb4f3b30300909" [src\dfinstance.cpp:109] (DFInstance::DFInstance)
2017-Apr-14 19:16:21.804 INFO	core	adding valid layout "v0.42.06 (graphics)" checksum: "0x56bba192" SHA: "5779f6409e3150d81c3bb3a212e73acfa60b426c" [src\dfinstance.cpp:109] (DFInstance::DFInstance)
2017-Apr-14 19:16:21.813 INFO	core	adding valid layout "v0.42.05 (graphics)" checksum: "0x569bf3df" SHA: "cd80c903c0ac617a2edb1b7ca43c12d9fe4469b5" [src\dfinstance.cpp:109] (DFInstance::DFInstance)
2017-Apr-14 19:16:21.822 INFO	core	adding valid layout "v0.42.04 (graphics)" checksum: "0x567ef345" SHA: "60e2ac602189e5ee4f92b38f43336e3ad4cfc476" [src\dfinstance.cpp:109] (DFInstance::DFInstance)
2017-Apr-14 19:16:21.834 INFO	core	adding valid layout "v0.42.03 (graphics)" checksum: "0x566c7776" SHA: "ae1b8307c61af328ee01d2d946875c7a5859b11b" [src\dfinstance.cpp:109] (DFInstance::DFInstance)
2017-Apr-14 19:16:21.862 INFO	core	adding valid layout "v0.42.02 (graphics)" checksum: "0x56633788" SHA: "49adce964928ae92aa969635c715d81780df0891" [src\dfinstance.cpp:109] (DFInstance::DFInstance)
2017-Apr-14 19:16:21.883 INFO	core	adding valid layout "v0.42.01 (graphics)" checksum: "0x565ca0e6" SHA: "b5972c2e177be093b8c4e32f3e723aba18758e10" [src\dfinstance.cpp:109] (DFInstance::DFInstance)
2017-Apr-14 19:16:21.891 INFO	core	adding valid layout "v0.40.24 (graphics)" checksum: "0x54ad7e66" SHA: "06e566d2ed1b4cb694127318b56b6270aac070a5" [src\dfinstance.cpp:109] (DFInstance::DFInstance)
2017-Apr-14 19:16:21.909 INFO	core	adding valid layout "v0.40.23 (graphics)" checksum: "0x549b0acb" SHA: "1a8d8de7b8ff411c132125634c4d17ca0c534fa9" [src\dfinstance.cpp:109] (DFInstance::DFInstance)
2017-Apr-14 19:16:21.920 INFO	core	adding valid layout "v0.40.22 (graphics)" checksum: "0x5497174e" SHA: "1b4c672302e58a78f794003f25537ca66c22132a" [src\dfinstance.cpp:109] (DFInstance::DFInstance)
2017-Apr-14 19:16:21.929 INFO	core	adding valid layout "v0.40.21 (graphics)" checksum: "0x549a491" SHA: "151d3a04bfc070ef9c33922ecbb643fb81999b90" [src\dfinstance.cpp:109] (DFInstance::DFInstance)
2017-Apr-14 19:16:21.934 INFO	core	adding valid layout "v0.40.20 (graphics)" checksum: "0x54932e9a" SHA: "ae3efe201b81a67f4fca2a49425b01775d097adb" [src\dfinstance.cpp:109] (DFInstance::DFInstance)
2017-Apr-14 19:16:21.942 INFO	core	adding valid layout "v0.40.19 (graphics)" checksum: "0x54762923" SHA: "4609c9c6c0848243cf4df2a6f086763017fac29c" [src\dfinstance.cpp:109] (DFInstance::DFInstance)
2017-Apr-14 19:16:21.953 INFO	core	adding valid layout "v0.40.18 (graphics)" checksum: "0x546e4906" SHA: "f187915b9c9bb8743c9723663a47c1a0bea24de5" [src\dfinstance.cpp:109] (DFInstance::DFInstance)
2017-Apr-14 19:16:21.962 INFO	core	adding valid layout "v0.40.16 (graphics)" checksum: "0x54638ff0" SHA: "fb335580a838fa757f3d6d2b9ff17a3762b41d4d" [src\dfinstance.cpp:109] (DFInstance::DFInstance)
2017-Apr-14 19:16:21.971 INFO	core	adding valid layout "v0.40.15 (graphics)" checksum: "0x545a6968" SHA: "45364fd0e0a35bd10959b0c194c5ba10d6965670" [src\dfinstance.cpp:109] (DFInstance::DFInstance)
2017-Apr-14 19:16:21.980 INFO	core	adding valid layout "v0.40.14 (graphics)" checksum: "0x544bffa4" SHA: "f1f3c509ffd134350c9b3ce955d72d423d580a8e" [src\dfinstance.cpp:109] (DFInstance::DFInstance)
2017-Apr-14 19:16:21.987 INFO	core	adding valid layout "v0.40.13 (graphics)" checksum: "0x5419c537" SHA: "c0905292dd7725e354213ac2bfb5c4bf4c987f1e" [src\dfinstance.cpp:109] (DFInstance::DFInstance)
2017-Apr-14 19:16:21.997 INFO	core	adding valid layout "v0.40.12 (graphics)" checksum: "0x541088c3" SHA: "43199e601514835afea6a814dcdc135695267360" [src\dfinstance.cpp:109] (DFInstance::DFInstance)
2017-Apr-14 19:16:22.005 INFO	core	adding valid layout "v0.40.11 (graphics)" checksum: "0x54076214" SHA: "fd62952401a097c5be86484715f00ffa5e09ca49" [src\dfinstance.cpp:109] (DFInstance::DFInstance)
2017-Apr-14 19:16:22.013 INFO	core	adding valid layout "v0.40.10 (graphics)" checksum: "0x53fa3213" SHA: "7341d8737225f023d722119180ae3ca6751af105" [src\dfinstance.cpp:109] (DFInstance::DFInstance)
2017-Apr-14 19:16:22.020 INFO	core	adding valid layout "v0.40.09 (graphics)" checksum: "0x53f0f350" SHA: "81d1280573bf7bed6847809f4eae93c6d3755038" [src\dfinstance.cpp:109] (DFInstance::DFInstance)
2017-Apr-14 19:16:22.030 INFO	core	adding valid layout "v0.40.08 (graphics)" checksum: "0x53e90092" SHA: "198332c20cd98dd94712a108baa53dc189d42ca4" [src\dfinstance.cpp:109] (DFInstance::DFInstance)
2017-Apr-14 19:16:22.036 INFO	core	adding valid layout "v0.40.07 (graphics)" checksum: "0x53e7ac66" SHA: "3b6a4e68232e74fe6f02cded8b1f3b55221ae1fe" [src\dfinstance.cpp:109] (DFInstance::DFInstance)
2017-Apr-14 19:16:22.061 INFO	core	adding valid layout "v0.40.06 (graphics)" checksum: "0x53de7eb3" SHA: "1813b78f99031c780cd83500003b0746b3514437" [src\dfinstance.cpp:109] (DFInstance::DFInstance)
2017-Apr-14 19:16:22.068 INFO	core	adding valid layout "v0.40.05 (graphics)" checksum: "0x53d566b4" SHA: "136213e289082d2e9c6aa40df647df56587552ca" [src\dfinstance.cpp:109] (DFInstance::DFInstance)
2017-Apr-14 19:16:22.075 INFO	core	adding valid layout "v0.40.04 (graphics)" checksum: "0x53cc0058" SHA: "f082228e019f6298b451d59a54f0cfe564ba526f" [src\dfinstance.cpp:109] (DFInstance::DFInstance)
2017-Apr-14 19:16:22.082 INFO	core	adding valid layout "v0.40.03 (graphics)" checksum: "0x53c2d20c" SHA: "afd015535e20563bc66232ece6d71ba4123a31c3" [src\dfinstance.cpp:109] (DFInstance::DFInstance)
2017-Apr-14 19:16:22.089 INFO	core	adding valid layout "v0.40.01 (graphics)" checksum: "0x53bb189a" SHA: "2cb1a490f5707c9b5b03073c6c7359039186a653" [src\dfinstance.cpp:109] (DFInstance::DFInstance)
2017-Apr-14 19:16:22.115 INFO	core	attempting to find running copy of DF [src\dfinstancewindows.cpp:186] (DFInstanceWindows::find_running_copy)
2017-Apr-14 19:16:22.115 INFO	core	found copy with HWND:  0x180594 [src\dfinstancewindows.cpp:167] (DFInstanceWindows::set_pid)
2017-Apr-14 19:16:22.115 INFO	core	PID of process is:  12776 [src\dfinstancewindows.cpp:192] (DFInstanceWindows::find_running_copy)
2017-Apr-14 19:16:22.115 INFO	core	PROC HANDLE: 0x524 [src\dfinstancewindows.cpp:198] (DFInstanceWindows::find_running_copy)
2017-Apr-14 19:16:22.117 INFO	core	RAW BASE ADDRESS: 140699902345216 [src\dfinstancewindows.cpp:230] (DFInstanceWindows::find_running_copy)
2017-Apr-14 19:16:22.117 INFO	core	Target EXE was compiled at  "2016-07-05T02:15:31" [src\dfinstancewindows.cpp:68] (DFInstanceWindows::calculate_checksum)
2017-Apr-14 19:16:22.117 INFO	core	Setting memory layout for DF checksum "0x577b5e93" [src\dfinstance.cpp:1048] (DFInstance::set_memory_layout)
2017-Apr-14 19:16:22.118 INFO	core	Detected Dwarf Fortress version "v0.43.05 winx64" using MemoryLayout from "C:/Users/Action Pawn/Downloads/test directories/Masterwork V1.24c folders/Masterwork V1.24c (43.05) - TEST/MasterworkDwarfFortress/Utilities/DwarfTherapist/share/memory_layouts/windows/v0.43.05_x64graphics.ini" [src\dfinstance.cpp:1053] (DFInstance::set_memory_layout)
2017-Apr-14 19:16:22.118 INFO	core	found copy with HWND:  0x180594 [src\dfinstancewindows.cpp:167] (DFInstanceWindows::set_pid)
2017-Apr-14 19:16:22.118 INFO	core	GetModuleFileNameEx returned:  "C:\\Users\\Action Pawn\\Downloads\\test directories\\Masterwork V1.24c folders\\Masterwork V1.24c (43.05) - TEST\\Dwarf Fortress\\Dwarf Fortress.exe" [src\dfinstancewindows.cpp:244] (DFInstanceWindows::find_running_copy)
2017-Apr-14 19:16:22.119 INFO	core	Dwarf Fortress path: "C:/Users/Action Pawn/Downloads/test directories/Masterwork V1.24c folders/Masterwork V1.24c (43.05) - TEST/Dwarf Fortress" [src\dfinstancewindows.cpp:247] (DFInstanceWindows::find_running_copy)
2017-Apr-14 19:16:22.119 INFO	core	Checking for layout for checksum:  "0x577b5e93" [src\updater.cpp:138] (Updater::check_layouts)
2017-Apr-14 19:16:22.577 INFO	core	Setting memory layout for DF checksum "0x577b5e93" [src\dfinstance.cpp:1048] (DFInstance::set_memory_layout)
2017-Apr-14 19:16:22.577 INFO	core	Detected Dwarf Fortress version "v0.43.05 winx64" using MemoryLayout from "C:/Users/Action Pawn/Downloads/test directories/Masterwork V1.24c folders/Masterwork V1.24c (43.05) - TEST/MasterworkDwarfFortress/Utilities/DwarfTherapist/share/memory_layouts/windows/v0.43.05_x64graphics.ini" [src\dfinstance.cpp:1053] (DFInstance::set_memory_layout)
2017-Apr-14 19:16:22.578 INFO	core	found copy with HWND:  0x180594 [src\dfinstancewindows.cpp:167] (DFInstanceWindows::set_pid)
2017-Apr-14 19:16:22.578 WARNING	core	lost connection to DF [src\mainwindow.cpp:465] (MainWindow::lost_df_connection)
2017-Apr-14 19:16:22.588 ERROR	core	("No Game Loaded", "A fort has not been loaded.", "", "") [src\mainwindow.cpp:487] (MainWindow::lost_df_connection)
2017-Apr-14 19:16:27.850 INFO	core	Beginning shutdown [src\mainwindow.cpp:379] (MainWindow::closeEvent)
2017-Apr-14 19:16:27.850 INFO	core	beginning to write settings [src\mainwindow.cpp:356] (MainWindow::write_settings)
2017-Apr-14 19:16:27.852 INFO	core	finished writing settings [src\mainwindow.cpp:374] (MainWindow::write_settings)
2017-Apr-14 19:16:27.852 INFO	core	Closing Dwarf Therapist normally [src\mainwindow.cpp:385] (MainWindow::closeEvent)
